<?xml version="1.0" encoding="UTF-8" standalone="no"?>
<testsuite failures="3" name="cucumber.runtime.formatter.JUnitFormatter" skipped="0" tests="3" time="9.211752">
<testcase classname="FreeCRM Website Actions" name="Login to the App" time="5.386233">
<failure message="org.openqa.selenium.SessionNotCreatedException: session not created: This version of ChromeDriver only supports Chrome version 100&#10;Current browser version is 102.0.5005.115 with binary path /Applications/Google Chrome.app/Contents/MacOS/Google Chrome&#10;Build info: version: '3.141.59', revision: 'e82be7d358', time: '2018-11-14T08:17:03'&#10;System info: host: 'krupals-MacBook-Air.local', ip: 'fe80:0:0:0:40:aec7:e058:b083%en0', os.name: 'Mac OS X', os.arch: 'x86_64', os.version: '10.13.6', java.version: '1.8.0_211'&#10;Driver info: driver.version: ChromeDriver&#10;remote stacktrace: 0   chromedriver                        0x00000001023f13d9 chromedriver + 5104601&#10;1   chromedriver                        0x0000000102381bf3 chromedriver + 4647923&#10;2   chromedriver                        0x0000000101f72b48 chromedriver + 392008&#10;3   chromedriver                        0x0000000101f98e1e chromedriver + 548382&#10;4   chromedriver                        0x0000000101f9490a chromedriver + 530698&#10;5   chromedriver                        0x0000000101f90f86 chromedriver + 515974&#10;6   chromedriver                        0x0000000101fcb3a0 chromedriver + 754592&#10;7   chromedriver                        0x0000000101fc55b3 chromedriver + 730547&#10;8   chromedriver                        0x0000000101f9b139 chromedriver + 557369&#10;9   chromedriver                        0x0000000101f9c165 chromedriver + 561509&#10;10  chromedriver                        0x00000001023b039d chromedriver + 4838301&#10;11  chromedriver                        0x00000001023c8cde chromedriver + 4938974&#10;12  chromedriver                        0x00000001023cdb5e chromedriver + 4959070&#10;13  chromedriver                        0x00000001023c994a chromedriver + 4942154&#10;14  chromedriver                        0x00000001023a533c chromedriver + 4793148&#10;15  chromedriver                        0x00000001023e33b8 chromedriver + 5047224&#10;16  chromedriver                        0x00000001023e353f chromedriver + 5047615&#10;17  chromedriver                        0x00000001023f8705 chromedriver + 5134085&#10;18  libsystem_pthread.dylib             0x00007fff66b85661 _pthread_body + 340&#10;19  libsystem_pthread.dylib             0x00007fff66b8550d _pthread_body + 0&#10;20  libsystem_pthread.dylib             0x00007fff66b84bf9 thread_start + 13&#10;&#10;&#9;at sun.reflect.NativeConstructorAccessorImpl.newInstance0(Native Method)&#10;&#9;at sun.reflect.NativeConstructorAccessorImpl.newInstance(NativeConstructorAccessorImpl.java:62)&#10;&#9;at sun.reflect.DelegatingConstructorAccessorImpl.newInstance(DelegatingConstructorAccessorImpl.java:45)&#10;&#9;at java.lang.reflect.Constructor.newInstance(Constructor.java:423)&#10;&#9;at org.openqa.selenium.remote.W3CHandshakeResponse.lambda$errorHandler$0(W3CHandshakeResponse.java:62)&#10;&#9;at org.openqa.selenium.remote.HandshakeResponse.lambda$getResponseFunction$0(HandshakeResponse.java:30)&#10;&#9;at org.openqa.selenium.remote.ProtocolHandshake.lambda$createSession$0(ProtocolHandshake.java:126)&#10;&#9;at java.util.stream.ReferencePipeline$3$1.accept(ReferencePipeline.java:193)&#10;&#9;at java.util.Spliterators$ArraySpliterator.tryAdvance(Spliterators.java:958)&#10;&#9;at java.util.stream.ReferencePipeline.forEachWithCancel(ReferencePipeline.java:126)&#10;&#9;at java.util.stream.AbstractPipeline.copyIntoWithCancel(AbstractPipeline.java:498)&#10;&#9;at java.util.stream.AbstractPipeline.copyInto(AbstractPipeline.java:485)&#10;&#9;at java.util.stream.AbstractPipeline.wrapAndCopyInto(AbstractPipeline.java:471)&#10;&#9;at java.util.stream.FindOps$FindOp.evaluateSequential(FindOps.java:152)&#10;&#9;at java.util.stream.AbstractPipeline.evaluate(AbstractPipeline.java:234)&#10;&#9;at java.util.stream.ReferencePipeline.findFirst(ReferencePipeline.java:464)&#10;&#9;at org.openqa.selenium.remote.ProtocolHandshake.createSession(ProtocolHandshake.java:128)&#10;&#9;at org.openqa.selenium.remote.ProtocolHandshake.createSession(ProtocolHandshake.java:74)&#10;&#9;at org.openqa.selenium.remote.HttpCommandExecutor.execute(HttpCommandExecutor.java:136)&#10;&#9;at org.openqa.selenium.remote.service.DriverCommandExecutor.execute(DriverCommandExecutor.java:83)&#10;&#9;at org.openqa.selenium.remote.RemoteWebDriver.execute(RemoteWebDriver.java:552)&#10;&#9;at org.openqa.selenium.remote.RemoteWebDriver.startSession(RemoteWebDriver.java:213)&#10;&#9;at org.openqa.selenium.remote.RemoteWebDriver.&lt;init&gt;(RemoteWebDriver.java:131)&#10;&#9;at org.openqa.selenium.chrome.ChromeDriver.&lt;init&gt;(ChromeDriver.java:181)&#10;&#9;at org.openqa.selenium.chrome.ChromeDriver.&lt;init&gt;(ChromeDriver.java:168)&#10;&#9;at org.openqa.selenium.chrome.ChromeDriver.&lt;init&gt;(ChromeDriver.java:123)&#10;&#9;at testBase.BaseClass.initialization(BaseClass.java:38)&#10;&#9;at stepDefinations.LoginSteps.user_is_on_login_page(LoginSteps.java:21)&#10;&#9;at ✽.Given User is on login page(freecrm.feature:10)&#10;"><![CDATA[Given User is on login page.................................................failed
When page title is "Cogmento CRM"...........................................skipped
Then user enters valid "krupss2002@gmail.com" and "Test@123"................skipped
Then user clicks on login button............................................skipped
Then verify user is on home page............................................skipped
Then user quit..............................................................skipped

StackTrace:
org.openqa.selenium.SessionNotCreatedException: session not created: This version of ChromeDriver only supports Chrome version 100
Current browser version is 102.0.5005.115 with binary path /Applications/Google Chrome.app/Contents/MacOS/Google Chrome
Build info: version: '3.141.59', revision: 'e82be7d358', time: '2018-11-14T08:17:03'
System info: host: 'krupals-MacBook-Air.local', ip: 'fe80:0:0:0:40:aec7:e058:b083%en0', os.name: 'Mac OS X', os.arch: 'x86_64', os.version: '10.13.6', java.version: '1.8.0_211'
Driver info: driver.version: ChromeDriver
remote stacktrace: 0   chromedriver                        0x00000001023f13d9 chromedriver + 5104601
1   chromedriver                        0x0000000102381bf3 chromedriver + 4647923
2   chromedriver                        0x0000000101f72b48 chromedriver + 392008
3   chromedriver                        0x0000000101f98e1e chromedriver + 548382
4   chromedriver                        0x0000000101f9490a chromedriver + 530698
5   chromedriver                        0x0000000101f90f86 chromedriver + 515974
6   chromedriver                        0x0000000101fcb3a0 chromedriver + 754592
7   chromedriver                        0x0000000101fc55b3 chromedriver + 730547
8   chromedriver                        0x0000000101f9b139 chromedriver + 557369
9   chromedriver                        0x0000000101f9c165 chromedriver + 561509
10  chromedriver                        0x00000001023b039d chromedriver + 4838301
11  chromedriver                        0x00000001023c8cde chromedriver + 4938974
12  chromedriver                        0x00000001023cdb5e chromedriver + 4959070
13  chromedriver                        0x00000001023c994a chromedriver + 4942154
14  chromedriver                        0x00000001023a533c chromedriver + 4793148
15  chromedriver                        0x00000001023e33b8 chromedriver + 5047224
16  chromedriver                        0x00000001023e353f chromedriver + 5047615
17  chromedriver                        0x00000001023f8705 chromedriver + 5134085
18  libsystem_pthread.dylib             0x00007fff66b85661 _pthread_body + 340
19  libsystem_pthread.dylib             0x00007fff66b8550d _pthread_body + 0
20  libsystem_pthread.dylib             0x00007fff66b84bf9 thread_start + 13

	at sun.reflect.NativeConstructorAccessorImpl.newInstance0(Native Method)
	at sun.reflect.NativeConstructorAccessorImpl.newInstance(NativeConstructorAccessorImpl.java:62)
	at sun.reflect.DelegatingConstructorAccessorImpl.newInstance(DelegatingConstructorAccessorImpl.java:45)
	at java.lang.reflect.Constructor.newInstance(Constructor.java:423)
	at org.openqa.selenium.remote.W3CHandshakeResponse.lambda$errorHandler$0(W3CHandshakeResponse.java:62)
	at org.openqa.selenium.remote.HandshakeResponse.lambda$getResponseFunction$0(HandshakeResponse.java:30)
	at org.openqa.selenium.remote.ProtocolHandshake.lambda$createSession$0(ProtocolHandshake.java:126)
	at java.util.stream.ReferencePipeline$3$1.accept(ReferencePipeline.java:193)
	at java.util.Spliterators$ArraySpliterator.tryAdvance(Spliterators.java:958)
	at java.util.stream.ReferencePipeline.forEachWithCancel(ReferencePipeline.java:126)
	at java.util.stream.AbstractPipeline.copyIntoWithCancel(AbstractPipeline.java:498)
	at java.util.stream.AbstractPipeline.copyInto(AbstractPipeline.java:485)
	at java.util.stream.AbstractPipeline.wrapAndCopyInto(AbstractPipeline.java:471)
	at java.util.stream.FindOps$FindOp.evaluateSequential(FindOps.java:152)
	at java.util.stream.AbstractPipeline.evaluate(AbstractPipeline.java:234)
	at java.util.stream.ReferencePipeline.findFirst(ReferencePipeline.java:464)
	at org.openqa.selenium.remote.ProtocolHandshake.createSession(ProtocolHandshake.java:128)
	at org.openqa.selenium.remote.ProtocolHandshake.createSession(ProtocolHandshake.java:74)
	at org.openqa.selenium.remote.HttpCommandExecutor.execute(HttpCommandExecutor.java:136)
	at org.openqa.selenium.remote.service.DriverCommandExecutor.execute(DriverCommandExecutor.java:83)
	at org.openqa.selenium.remote.RemoteWebDriver.execute(RemoteWebDriver.java:552)
	at org.openqa.selenium.remote.RemoteWebDriver.startSession(RemoteWebDriver.java:213)
	at org.openqa.selenium.remote.RemoteWebDriver.<init>(RemoteWebDriver.java:131)
	at org.openqa.selenium.chrome.ChromeDriver.<init>(ChromeDriver.java:181)
	at org.openqa.selenium.chrome.ChromeDriver.<init>(ChromeDriver.java:168)
	at org.openqa.selenium.chrome.ChromeDriver.<init>(ChromeDriver.java:123)
	at testBase.BaseClass.initialization(BaseClass.java:38)
	at stepDefinations.LoginSteps.user_is_on_login_page(LoginSteps.java:21)
	at ✽.Given User is on login page(freecrm.feature:10)
]]></failure>
</testcase>
<testcase classname="FreeCRM Website Actions" name="Try Login with invalid input" time="1.736257">
<failure message="org.openqa.selenium.SessionNotCreatedException: session not created: This version of ChromeDriver only supports Chrome version 100&#10;Current browser version is 102.0.5005.115 with binary path /Applications/Google Chrome.app/Contents/MacOS/Google Chrome&#10;Build info: version: '3.141.59', revision: 'e82be7d358', time: '2018-11-14T08:17:03'&#10;System info: host: 'krupals-MacBook-Air.local', ip: 'fe80:0:0:0:40:aec7:e058:b083%en0', os.name: 'Mac OS X', os.arch: 'x86_64', os.version: '10.13.6', java.version: '1.8.0_211'&#10;Driver info: driver.version: ChromeDriver&#10;remote stacktrace: 0   chromedriver                        0x0000000107e053d9 chromedriver + 5104601&#10;1   chromedriver                        0x0000000107d95bf3 chromedriver + 4647923&#10;2   chromedriver                        0x0000000107986b48 chromedriver + 392008&#10;3   chromedriver                        0x00000001079ace1e chromedriver + 548382&#10;4   chromedriver                        0x00000001079a890a chromedriver + 530698&#10;5   chromedriver                        0x00000001079a4f86 chromedriver + 515974&#10;6   chromedriver                        0x00000001079df3a0 chromedriver + 754592&#10;7   chromedriver                        0x00000001079d95b3 chromedriver + 730547&#10;8   chromedriver                        0x00000001079af139 chromedriver + 557369&#10;9   chromedriver                        0x00000001079b0165 chromedriver + 561509&#10;10  chromedriver                        0x0000000107dc439d chromedriver + 4838301&#10;11  chromedriver                        0x0000000107ddccde chromedriver + 4938974&#10;12  chromedriver                        0x0000000107de1b5e chromedriver + 4959070&#10;13  chromedriver                        0x0000000107ddd94a chromedriver + 4942154&#10;14  chromedriver                        0x0000000107db933c chromedriver + 4793148&#10;15  chromedriver                        0x0000000107df73b8 chromedriver + 5047224&#10;16  chromedriver                        0x0000000107df753f chromedriver + 5047615&#10;17  chromedriver                        0x0000000107e0c705 chromedriver + 5134085&#10;18  libsystem_pthread.dylib             0x00007fff66b85661 _pthread_body + 340&#10;19  libsystem_pthread.dylib             0x00007fff66b8550d _pthread_body + 0&#10;20  libsystem_pthread.dylib             0x00007fff66b84bf9 thread_start + 13&#10;&#10;&#9;at sun.reflect.NativeConstructorAccessorImpl.newInstance0(Native Method)&#10;&#9;at sun.reflect.NativeConstructorAccessorImpl.newInstance(NativeConstructorAccessorImpl.java:62)&#10;&#9;at sun.reflect.DelegatingConstructorAccessorImpl.newInstance(DelegatingConstructorAccessorImpl.java:45)&#10;&#9;at java.lang.reflect.Constructor.newInstance(Constructor.java:423)&#10;&#9;at org.openqa.selenium.remote.W3CHandshakeResponse.lambda$errorHandler$0(W3CHandshakeResponse.java:62)&#10;&#9;at org.openqa.selenium.remote.HandshakeResponse.lambda$getResponseFunction$0(HandshakeResponse.java:30)&#10;&#9;at org.openqa.selenium.remote.ProtocolHandshake.lambda$createSession$0(ProtocolHandshake.java:126)&#10;&#9;at java.util.stream.ReferencePipeline$3$1.accept(ReferencePipeline.java:193)&#10;&#9;at java.util.Spliterators$ArraySpliterator.tryAdvance(Spliterators.java:958)&#10;&#9;at java.util.stream.ReferencePipeline.forEachWithCancel(ReferencePipeline.java:126)&#10;&#9;at java.util.stream.AbstractPipeline.copyIntoWithCancel(AbstractPipeline.java:498)&#10;&#9;at java.util.stream.AbstractPipeline.copyInto(AbstractPipeline.java:485)&#10;&#9;at java.util.stream.AbstractPipeline.wrapAndCopyInto(AbstractPipeline.java:471)&#10;&#9;at java.util.stream.FindOps$FindOp.evaluateSequential(FindOps.java:152)&#10;&#9;at java.util.stream.AbstractPipeline.evaluate(AbstractPipeline.java:234)&#10;&#9;at java.util.stream.ReferencePipeline.findFirst(ReferencePipeline.java:464)&#10;&#9;at org.openqa.selenium.remote.ProtocolHandshake.createSession(ProtocolHandshake.java:128)&#10;&#9;at org.openqa.selenium.remote.ProtocolHandshake.createSession(ProtocolHandshake.java:74)&#10;&#9;at org.openqa.selenium.remote.HttpCommandExecutor.execute(HttpCommandExecutor.java:136)&#10;&#9;at org.openqa.selenium.remote.service.DriverCommandExecutor.execute(DriverCommandExecutor.java:83)&#10;&#9;at org.openqa.selenium.remote.RemoteWebDriver.execute(RemoteWebDriver.java:552)&#10;&#9;at org.openqa.selenium.remote.RemoteWebDriver.startSession(RemoteWebDriver.java:213)&#10;&#9;at org.openqa.selenium.remote.RemoteWebDriver.&lt;init&gt;(RemoteWebDriver.java:131)&#10;&#9;at org.openqa.selenium.chrome.ChromeDriver.&lt;init&gt;(ChromeDriver.java:181)&#10;&#9;at org.openqa.selenium.chrome.ChromeDriver.&lt;init&gt;(ChromeDriver.java:168)&#10;&#9;at org.openqa.selenium.chrome.ChromeDriver.&lt;init&gt;(ChromeDriver.java:123)&#10;&#9;at testBase.BaseClass.initialization(BaseClass.java:38)&#10;&#9;at stepDefinations.LoginSteps.user_is_on_login_page(LoginSteps.java:21)&#10;&#9;at ✽.Given User is on login page(freecrm.feature:20)&#10;"><![CDATA[Given User is on login page.................................................failed
When page title is "Cogmento CRM"...........................................skipped
Then user enters invalid  "jncjebdv" and "3445df"...........................skipped
Then user clicks on login button............................................skipped
Then verify Error Message...................................................skipped
Then user quit..............................................................skipped

StackTrace:
org.openqa.selenium.SessionNotCreatedException: session not created: This version of ChromeDriver only supports Chrome version 100
Current browser version is 102.0.5005.115 with binary path /Applications/Google Chrome.app/Contents/MacOS/Google Chrome
Build info: version: '3.141.59', revision: 'e82be7d358', time: '2018-11-14T08:17:03'
System info: host: 'krupals-MacBook-Air.local', ip: 'fe80:0:0:0:40:aec7:e058:b083%en0', os.name: 'Mac OS X', os.arch: 'x86_64', os.version: '10.13.6', java.version: '1.8.0_211'
Driver info: driver.version: ChromeDriver
remote stacktrace: 0   chromedriver                        0x0000000107e053d9 chromedriver + 5104601
1   chromedriver                        0x0000000107d95bf3 chromedriver + 4647923
2   chromedriver                        0x0000000107986b48 chromedriver + 392008
3   chromedriver                        0x00000001079ace1e chromedriver + 548382
4   chromedriver                        0x00000001079a890a chromedriver + 530698
5   chromedriver                        0x00000001079a4f86 chromedriver + 515974
6   chromedriver                        0x00000001079df3a0 chromedriver + 754592
7   chromedriver                        0x00000001079d95b3 chromedriver + 730547
8   chromedriver                        0x00000001079af139 chromedriver + 557369
9   chromedriver                        0x00000001079b0165 chromedriver + 561509
10  chromedriver                        0x0000000107dc439d chromedriver + 4838301
11  chromedriver                        0x0000000107ddccde chromedriver + 4938974
12  chromedriver                        0x0000000107de1b5e chromedriver + 4959070
13  chromedriver                        0x0000000107ddd94a chromedriver + 4942154
14  chromedriver                        0x0000000107db933c chromedriver + 4793148
15  chromedriver                        0x0000000107df73b8 chromedriver + 5047224
16  chromedriver                        0x0000000107df753f chromedriver + 5047615
17  chromedriver                        0x0000000107e0c705 chromedriver + 5134085
18  libsystem_pthread.dylib             0x00007fff66b85661 _pthread_body + 340
19  libsystem_pthread.dylib             0x00007fff66b8550d _pthread_body + 0
20  libsystem_pthread.dylib             0x00007fff66b84bf9 thread_start + 13

	at sun.reflect.NativeConstructorAccessorImpl.newInstance0(Native Method)
	at sun.reflect.NativeConstructorAccessorImpl.newInstance(NativeConstructorAccessorImpl.java:62)
	at sun.reflect.DelegatingConstructorAccessorImpl.newInstance(DelegatingConstructorAccessorImpl.java:45)
	at java.lang.reflect.Constructor.newInstance(Constructor.java:423)
	at org.openqa.selenium.remote.W3CHandshakeResponse.lambda$errorHandler$0(W3CHandshakeResponse.java:62)
	at org.openqa.selenium.remote.HandshakeResponse.lambda$getResponseFunction$0(HandshakeResponse.java:30)
	at org.openqa.selenium.remote.ProtocolHandshake.lambda$createSession$0(ProtocolHandshake.java:126)
	at java.util.stream.ReferencePipeline$3$1.accept(ReferencePipeline.java:193)
	at java.util.Spliterators$ArraySpliterator.tryAdvance(Spliterators.java:958)
	at java.util.stream.ReferencePipeline.forEachWithCancel(ReferencePipeline.java:126)
	at java.util.stream.AbstractPipeline.copyIntoWithCancel(AbstractPipeline.java:498)
	at java.util.stream.AbstractPipeline.copyInto(AbstractPipeline.java:485)
	at java.util.stream.AbstractPipeline.wrapAndCopyInto(AbstractPipeline.java:471)
	at java.util.stream.FindOps$FindOp.evaluateSequential(FindOps.java:152)
	at java.util.stream.AbstractPipeline.evaluate(AbstractPipeline.java:234)
	at java.util.stream.ReferencePipeline.findFirst(ReferencePipeline.java:464)
	at org.openqa.selenium.remote.ProtocolHandshake.createSession(ProtocolHandshake.java:128)
	at org.openqa.selenium.remote.ProtocolHandshake.createSession(ProtocolHandshake.java:74)
	at org.openqa.selenium.remote.HttpCommandExecutor.execute(HttpCommandExecutor.java:136)
	at org.openqa.selenium.remote.service.DriverCommandExecutor.execute(DriverCommandExecutor.java:83)
	at org.openqa.selenium.remote.RemoteWebDriver.execute(RemoteWebDriver.java:552)
	at org.openqa.selenium.remote.RemoteWebDriver.startSession(RemoteWebDriver.java:213)
	at org.openqa.selenium.remote.RemoteWebDriver.<init>(RemoteWebDriver.java:131)
	at org.openqa.selenium.chrome.ChromeDriver.<init>(ChromeDriver.java:181)
	at org.openqa.selenium.chrome.ChromeDriver.<init>(ChromeDriver.java:168)
	at org.openqa.selenium.chrome.ChromeDriver.<init>(ChromeDriver.java:123)
	at testBase.BaseClass.initialization(BaseClass.java:38)
	at stepDefinations.LoginSteps.user_is_on_login_page(LoginSteps.java:21)
	at ✽.Given User is on login page(freecrm.feature:20)
]]></failure>
</testcase>
<testcase classname="FreeCRM Website Actions" name="Try Login with invalid input 2" time="2.089262">
<failure message="org.openqa.selenium.SessionNotCreatedException: session not created: This version of ChromeDriver only supports Chrome version 100&#10;Current browser version is 102.0.5005.115 with binary path /Applications/Google Chrome.app/Contents/MacOS/Google Chrome&#10;Build info: version: '3.141.59', revision: 'e82be7d358', time: '2018-11-14T08:17:03'&#10;System info: host: 'krupals-MacBook-Air.local', ip: 'fe80:0:0:0:40:aec7:e058:b083%en0', os.name: 'Mac OS X', os.arch: 'x86_64', os.version: '10.13.6', java.version: '1.8.0_211'&#10;Driver info: driver.version: ChromeDriver&#10;remote stacktrace: 0   chromedriver                        0x000000010ee2c3d9 chromedriver + 5104601&#10;1   chromedriver                        0x000000010edbcbf3 chromedriver + 4647923&#10;2   chromedriver                        0x000000010e9adb48 chromedriver + 392008&#10;3   chromedriver                        0x000000010e9d3e1e chromedriver + 548382&#10;4   chromedriver                        0x000000010e9cf90a chromedriver + 530698&#10;5   chromedriver                        0x000000010e9cbf86 chromedriver + 515974&#10;6   chromedriver                        0x000000010ea063a0 chromedriver + 754592&#10;7   chromedriver                        0x000000010ea005b3 chromedriver + 730547&#10;8   chromedriver                        0x000000010e9d6139 chromedriver + 557369&#10;9   chromedriver                        0x000000010e9d7165 chromedriver + 561509&#10;10  chromedriver                        0x000000010edeb39d chromedriver + 4838301&#10;11  chromedriver                        0x000000010ee03cde chromedriver + 4938974&#10;12  chromedriver                        0x000000010ee08b5e chromedriver + 4959070&#10;13  chromedriver                        0x000000010ee0494a chromedriver + 4942154&#10;14  chromedriver                        0x000000010ede033c chromedriver + 4793148&#10;15  chromedriver                        0x000000010ee1e3b8 chromedriver + 5047224&#10;16  chromedriver                        0x000000010ee1e53f chromedriver + 5047615&#10;17  chromedriver                        0x000000010ee33705 chromedriver + 5134085&#10;18  libsystem_pthread.dylib             0x00007fff66b85661 _pthread_body + 340&#10;19  libsystem_pthread.dylib             0x00007fff66b8550d _pthread_body + 0&#10;20  libsystem_pthread.dylib             0x00007fff66b84bf9 thread_start + 13&#10;&#10;&#9;at sun.reflect.NativeConstructorAccessorImpl.newInstance0(Native Method)&#10;&#9;at sun.reflect.NativeConstructorAccessorImpl.newInstance(NativeConstructorAccessorImpl.java:62)&#10;&#9;at sun.reflect.DelegatingConstructorAccessorImpl.newInstance(DelegatingConstructorAccessorImpl.java:45)&#10;&#9;at java.lang.reflect.Constructor.newInstance(Constructor.java:423)&#10;&#9;at org.openqa.selenium.remote.W3CHandshakeResponse.lambda$errorHandler$0(W3CHandshakeResponse.java:62)&#10;&#9;at org.openqa.selenium.remote.HandshakeResponse.lambda$getResponseFunction$0(HandshakeResponse.java:30)&#10;&#9;at org.openqa.selenium.remote.ProtocolHandshake.lambda$createSession$0(ProtocolHandshake.java:126)&#10;&#9;at java.util.stream.ReferencePipeline$3$1.accept(ReferencePipeline.java:193)&#10;&#9;at java.util.Spliterators$ArraySpliterator.tryAdvance(Spliterators.java:958)&#10;&#9;at java.util.stream.ReferencePipeline.forEachWithCancel(ReferencePipeline.java:126)&#10;&#9;at java.util.stream.AbstractPipeline.copyIntoWithCancel(AbstractPipeline.java:498)&#10;&#9;at java.util.stream.AbstractPipeline.copyInto(AbstractPipeline.java:485)&#10;&#9;at java.util.stream.AbstractPipeline.wrapAndCopyInto(AbstractPipeline.java:471)&#10;&#9;at java.util.stream.FindOps$FindOp.evaluateSequential(FindOps.java:152)&#10;&#9;at java.util.stream.AbstractPipeline.evaluate(AbstractPipeline.java:234)&#10;&#9;at java.util.stream.ReferencePipeline.findFirst(ReferencePipeline.java:464)&#10;&#9;at org.openqa.selenium.remote.ProtocolHandshake.createSession(ProtocolHandshake.java:128)&#10;&#9;at org.openqa.selenium.remote.ProtocolHandshake.createSession(ProtocolHandshake.java:74)&#10;&#9;at org.openqa.selenium.remote.HttpCommandExecutor.execute(HttpCommandExecutor.java:136)&#10;&#9;at org.openqa.selenium.remote.service.DriverCommandExecutor.execute(DriverCommandExecutor.java:83)&#10;&#9;at org.openqa.selenium.remote.RemoteWebDriver.execute(RemoteWebDriver.java:552)&#10;&#9;at org.openqa.selenium.remote.RemoteWebDriver.startSession(RemoteWebDriver.java:213)&#10;&#9;at org.openqa.selenium.remote.RemoteWebDriver.&lt;init&gt;(RemoteWebDriver.java:131)&#10;&#9;at org.openqa.selenium.chrome.ChromeDriver.&lt;init&gt;(ChromeDriver.java:181)&#10;&#9;at org.openqa.selenium.chrome.ChromeDriver.&lt;init&gt;(ChromeDriver.java:168)&#10;&#9;at org.openqa.selenium.chrome.ChromeDriver.&lt;init&gt;(ChromeDriver.java:123)&#10;&#9;at testBase.BaseClass.initialization(BaseClass.java:38)&#10;&#9;at stepDefinations.LoginSteps.user_is_on_login_page(LoginSteps.java:21)&#10;&#9;at ✽.Given User is on login page(freecrm.feature:20)&#10;"><![CDATA[Given User is on login page.................................................failed
When page title is "Cogmento CRM"...........................................skipped
Then user enters invalid  "ncejkrn$" and "cfevce"...........................skipped
Then user clicks on login button............................................skipped
Then verify Error Message...................................................skipped
Then user quit..............................................................skipped

StackTrace:
org.openqa.selenium.SessionNotCreatedException: session not created: This version of ChromeDriver only supports Chrome version 100
Current browser version is 102.0.5005.115 with binary path /Applications/Google Chrome.app/Contents/MacOS/Google Chrome
Build info: version: '3.141.59', revision: 'e82be7d358', time: '2018-11-14T08:17:03'
System info: host: 'krupals-MacBook-Air.local', ip: 'fe80:0:0:0:40:aec7:e058:b083%en0', os.name: 'Mac OS X', os.arch: 'x86_64', os.version: '10.13.6', java.version: '1.8.0_211'
Driver info: driver.version: ChromeDriver
remote stacktrace: 0   chromedriver                        0x000000010ee2c3d9 chromedriver + 5104601
1   chromedriver                        0x000000010edbcbf3 chromedriver + 4647923
2   chromedriver                        0x000000010e9adb48 chromedriver + 392008
3   chromedriver                        0x000000010e9d3e1e chromedriver + 548382
4   chromedriver                        0x000000010e9cf90a chromedriver + 530698
5   chromedriver                        0x000000010e9cbf86 chromedriver + 515974
6   chromedriver                        0x000000010ea063a0 chromedriver + 754592
7   chromedriver                        0x000000010ea005b3 chromedriver + 730547
8   chromedriver                        0x000000010e9d6139 chromedriver + 557369
9   chromedriver                        0x000000010e9d7165 chromedriver + 561509
10  chromedriver                        0x000000010edeb39d chromedriver + 4838301
11  chromedriver                        0x000000010ee03cde chromedriver + 4938974
12  chromedriver                        0x000000010ee08b5e chromedriver + 4959070
13  chromedriver                        0x000000010ee0494a chromedriver + 4942154
14  chromedriver                        0x000000010ede033c chromedriver + 4793148
15  chromedriver                        0x000000010ee1e3b8 chromedriver + 5047224
16  chromedriver                        0x000000010ee1e53f chromedriver + 5047615
17  chromedriver                        0x000000010ee33705 chromedriver + 5134085
18  libsystem_pthread.dylib             0x00007fff66b85661 _pthread_body + 340
19  libsystem_pthread.dylib             0x00007fff66b8550d _pthread_body + 0
20  libsystem_pthread.dylib             0x00007fff66b84bf9 thread_start + 13

	at sun.reflect.NativeConstructorAccessorImpl.newInstance0(Native Method)
	at sun.reflect.NativeConstructorAccessorImpl.newInstance(NativeConstructorAccessorImpl.java:62)
	at sun.reflect.DelegatingConstructorAccessorImpl.newInstance(DelegatingConstructorAccessorImpl.java:45)
	at java.lang.reflect.Constructor.newInstance(Constructor.java:423)
	at org.openqa.selenium.remote.W3CHandshakeResponse.lambda$errorHandler$0(W3CHandshakeResponse.java:62)
	at org.openqa.selenium.remote.HandshakeResponse.lambda$getResponseFunction$0(HandshakeResponse.java:30)
	at org.openqa.selenium.remote.ProtocolHandshake.lambda$createSession$0(ProtocolHandshake.java:126)
	at java.util.stream.ReferencePipeline$3$1.accept(ReferencePipeline.java:193)
	at java.util.Spliterators$ArraySpliterator.tryAdvance(Spliterators.java:958)
	at java.util.stream.ReferencePipeline.forEachWithCancel(ReferencePipeline.java:126)
	at java.util.stream.AbstractPipeline.copyIntoWithCancel(AbstractPipeline.java:498)
	at java.util.stream.AbstractPipeline.copyInto(AbstractPipeline.java:485)
	at java.util.stream.AbstractPipeline.wrapAndCopyInto(AbstractPipeline.java:471)
	at java.util.stream.FindOps$FindOp.evaluateSequential(FindOps.java:152)
	at java.util.stream.AbstractPipeline.evaluate(AbstractPipeline.java:234)
	at java.util.stream.ReferencePipeline.findFirst(ReferencePipeline.java:464)
	at org.openqa.selenium.remote.ProtocolHandshake.createSession(ProtocolHandshake.java:128)
	at org.openqa.selenium.remote.ProtocolHandshake.createSession(ProtocolHandshake.java:74)
	at org.openqa.selenium.remote.HttpCommandExecutor.execute(HttpCommandExecutor.java:136)
	at org.openqa.selenium.remote.service.DriverCommandExecutor.execute(DriverCommandExecutor.java:83)
	at org.openqa.selenium.remote.RemoteWebDriver.execute(RemoteWebDriver.java:552)
	at org.openqa.selenium.remote.RemoteWebDriver.startSession(RemoteWebDriver.java:213)
	at org.openqa.selenium.remote.RemoteWebDriver.<init>(RemoteWebDriver.java:131)
	at org.openqa.selenium.chrome.ChromeDriver.<init>(ChromeDriver.java:181)
	at org.openqa.selenium.chrome.ChromeDriver.<init>(ChromeDriver.java:168)
	at org.openqa.selenium.chrome.ChromeDriver.<init>(ChromeDriver.java:123)
	at testBase.BaseClass.initialization(BaseClass.java:38)
	at stepDefinations.LoginSteps.user_is_on_login_page(LoginSteps.java:21)
	at ✽.Given User is on login page(freecrm.feature:20)
]]></failure>
</testcase>
</testsuite>
